{"name": "test_filter_and_verify_qa_jobs", "status": "broken", "statusDetails": {"message": "selenium.common.exceptions.NoSuchElementException: Message: Cannot locate option with value: Istanbul, Turkey; For documentation on this error, please visit: https://www.selenium.dev/documentation/webdriver/troubleshooting/errors#no-such-element-exception", "trace": "driver = <selenium.webdriver.firefox.webdriver.WebDriver (session=\"2d8c3339-e520-45af-9f2d-b503cbb95d8e\")>\n\n    def test_filter_and_verify_qa_jobs(driver):\n        URL = os.getenv('URL_QA')\n        driver.get(URL)\n    \n        qa_jobs_page = QAJobsPage(driver)\n        qa_jobs_page.click_see_all_qa_jobs()\n        time.sleep(5)\n>       qa_jobs_page.filter_jobs(\"Istanbul, Turkey\", \"Quality Assurance\")\n\ntests/test_careers.py:30: \n_ _ _ _ _ _ _ _ _ _ _ _ _ _ _ _ _ _ _ _ _ _ _ _ _ _ _ _ _ _ _ _ _ _ _ _ _ _ _ _ _ _ _ _ _ _ _ _ _ _ _ _ _ _ _ _ _ _ _ _ _ _ _ _ _ _ _ _ _ _ _ _ _ _ _ _ _ _ _ _ _ _ _ _ _ _\npages/qa_jobs_page.py:23: in filter_jobs\n    self.select_from_dropdown(self.LOCATION_FILTER, location)\npages/base_page.py:41: in select_from_dropdown\n    select.select_by_value(value)\n_ _ _ _ _ _ _ _ _ _ _ _ _ _ _ _ _ _ _ _ _ _ _ _ _ _ _ _ _ _ _ _ _ _ _ _ _ _ _ _ _ _ _ _ _ _ _ _ _ _ _ _ _ _ _ _ _ _ _ _ _ _ _ _ _ _ _ _ _ _ _ _ _ _ _ _ _ _ _ _ _ _ _ _ _ _\n\nself = <selenium.webdriver.support.select.Select object at 0x10512a3f0>, value = 'Istanbul, Turkey'\n\n    def select_by_value(self, value: str) -> None:\n        \"\"\"Select all options that have a value matching the argument. That is,\n        when given \"foo\" this would select an option like:\n    \n        <option value=\"foo\">Bar</option>\n    \n        :Args:\n         - value - The value to match against\n    \n        throws NoSuchElementException If there is no option with specified value in SELECT\n        \"\"\"\n        css = f\"option[value ={self._escape_string(value)}]\"\n        opts = self._el.find_elements(By.CSS_SELECTOR, css)\n        matched = False\n        for opt in opts:\n            self._set_selected(opt)\n            if not self.is_multiple:\n                return\n            matched = True\n        if not matched:\n>           raise NoSuchElementException(f\"Cannot locate option with value: {value}\")\nE           selenium.common.exceptions.NoSuchElementException: Message: Cannot locate option with value: Istanbul, Turkey; For documentation on this error, please visit: https://www.selenium.dev/documentation/webdriver/troubleshooting/errors#no-such-element-exception\n\n.venv/lib/python3.12/site-packages/selenium/webdriver/support/select.py:84: NoSuchElementException"}, "attachments": [{"name": "log", "source": "1762840d-0641-4ec6-876a-d7f80c7050f5-attachment.txt", "type": "text/plain"}], "start": 1725638767998, "stop": 1725638776536, "uuid": "63bbaeab-e1cf-484d-8c6f-34d644c3c1ca", "historyId": "ae365882050d5c707836a304b3f8ce26", "testCaseId": "ae365882050d5c707836a304b3f8ce26", "fullName": "tests.test_careers#test_filter_and_verify_qa_jobs", "labels": [{"name": "parentSuite", "value": "tests"}, {"name": "suite", "value": "test_careers"}, {"name": "host", "value": "Rostyslavs-Air.fritz.box"}, {"name": "thread", "value": "39665-MainThread"}, {"name": "framework", "value": "pytest"}, {"name": "language", "value": "cpython3"}, {"name": "package", "value": "tests.test_careers"}]}