{"name": "test_filter_and_verify_qa_jobs", "status": "broken", "statusDetails": {"message": "selenium.common.exceptions.NoSuchElementException: Message: Could not locate element with visible text: Istanbul, Turkey; For documentation on this error, please visit: https://www.selenium.dev/documentation/webdriver/troubleshooting/errors#no-such-element-exception", "trace": "driver = <selenium.webdriver.firefox.webdriver.WebDriver (session=\"e0448893-0fc5-4b15-98b2-bc7ab8bea7e7\")>\n\n    def test_filter_and_verify_qa_jobs(driver):\n        URL = os.getenv('URL_QA')\n        driver.get(URL)\n    \n        qa_jobs_page = QAJobsPage(driver)\n        qa_jobs_page.click_see_all_qa_jobs()\n>       qa_jobs_page.filter_jobs(\"Istanbul, Turkey\", \"Quality Assurance\")\n\ntests/test_careers.py:29: \n_ _ _ _ _ _ _ _ _ _ _ _ _ _ _ _ _ _ _ _ _ _ _ _ _ _ _ _ _ _ _ _ _ _ _ _ _ _ _ _ _ _ _ _ _ _ _ _ _ _ _ _ _ _ _ _ _ _ _ _ _ _ _ _ _ _ _ _ _ _ _ _ _ _ _ _ _ _ _ _ _ _ _ _ _ _\npages/qa_jobs_page.py:18: in filter_jobs\n    self.select_from_dropdown(self.LOCATION_FILTER, location)\npages/base_page.py:73: in select_from_dropdown\n    select.select_by_visible_text(value)\n_ _ _ _ _ _ _ _ _ _ _ _ _ _ _ _ _ _ _ _ _ _ _ _ _ _ _ _ _ _ _ _ _ _ _ _ _ _ _ _ _ _ _ _ _ _ _ _ _ _ _ _ _ _ _ _ _ _ _ _ _ _ _ _ _ _ _ _ _ _ _ _ _ _ _ _ _ _ _ _ _ _ _ _ _ _\n\nself = <selenium.webdriver.support.select.Select object at 0x10590ce00>, text = 'Istanbul, Turkey'\n\n    def select_by_visible_text(self, text: str) -> None:\n        \"\"\"Select all options that display text matching the argument. That is,\n        when given \"Bar\" this would select an option like:\n    \n         <option value=\"foo\">Bar</option>\n    \n        :Args:\n         - text - The visible text to match against\n    \n         throws NoSuchElementException If there is no option with specified text in SELECT\n        \"\"\"\n        xpath = f\".//option[normalize-space(.) = {self._escape_string(text)}]\"\n        opts = self._el.find_elements(By.XPATH, xpath)\n        matched = False\n        for opt in opts:\n            self._set_selected(opt)\n            if not self.is_multiple:\n                return\n            matched = True\n    \n        if len(opts) == 0 and \" \" in text:\n            sub_string_without_space = self._get_longest_token(text)\n            if sub_string_without_space == \"\":\n                candidates = self.options\n            else:\n                xpath = f\".//option[contains(.,{self._escape_string(sub_string_without_space)})]\"\n                candidates = self._el.find_elements(By.XPATH, xpath)\n            for candidate in candidates:\n                if text == candidate.text:\n                    self._set_selected(candidate)\n                    if not self.is_multiple:\n                        return\n                    matched = True\n    \n        if not matched:\n>           raise NoSuchElementException(f\"Could not locate element with visible text: {text}\")\nE           selenium.common.exceptions.NoSuchElementException: Message: Could not locate element with visible text: Istanbul, Turkey; For documentation on this error, please visit: https://www.selenium.dev/documentation/webdriver/troubleshooting/errors#no-such-element-exception\n\n.venv/lib/python3.12/site-packages/selenium/webdriver/support/select.py:137: NoSuchElementException"}, "attachments": [{"name": "log", "source": "a4e797e9-489f-413e-a273-b1037f2fe2f6-attachment.txt", "type": "text/plain"}], "start": 1725631448262, "stop": 1725631452227, "uuid": "fcdb4056-936a-4441-9f06-ac74a48bf270", "historyId": "ae365882050d5c707836a304b3f8ce26", "testCaseId": "ae365882050d5c707836a304b3f8ce26", "fullName": "tests.test_careers#test_filter_and_verify_qa_jobs", "labels": [{"name": "parentSuite", "value": "tests"}, {"name": "suite", "value": "test_careers"}, {"name": "host", "value": "Rostyslavs-Air.fritz.box"}, {"name": "thread", "value": "36138-MainThread"}, {"name": "framework", "value": "pytest"}, {"name": "language", "value": "cpython3"}, {"name": "package", "value": "tests.test_careers"}]}