{"name": "test_filter_and_verify_qa_jobs", "status": "broken", "statusDetails": {"message": "selenium.common.exceptions.TimeoutException: Message: \nStacktrace:\nRemoteError@chrome://remote/content/shared/RemoteError.sys.mjs:8:8\nWebDriverError@chrome://remote/content/shared/webdriver/Errors.sys.mjs:193:5\nNoSuchElementError@chrome://remote/content/shared/webdriver/Errors.sys.mjs:511:5\ndom.find/</<@chrome://remote/content/shared/DOM.sys.mjs:136:16", "trace": "driver = <selenium.webdriver.firefox.webdriver.WebDriver (session=\"c5b3642d-2a10-4509-b71f-ca8bb5116ee4\")>\n\n    def test_filter_and_verify_qa_jobs(driver):\n        URL = os.getenv('URL_QA')\n        driver.get(URL)\n    \n        qa_jobs_page = QAJobsPage(driver)\n        qa_jobs_page.click_see_all_qa_jobs()\n    \n>       qa_jobs_page.filter_jobs(\"Istanbul, Turkey\", \"Quality Assurance\")\n\ntests/test_careers.py:26: \n_ _ _ _ _ _ _ _ _ _ _ _ _ _ _ _ _ _ _ _ _ _ _ _ _ _ _ _ _ _ _ _ _ _ _ _ _ _ _ _ _ _ _ _ _ _ _ _ _ _ _ _ _ _ _ _ _ _ _ _ _ _ _ _ _ _ _ _ _ _ _ _ _ _ _ _ _ _ _ _ _ _ _ _ _ _\npages/qa_jobs_page.py:14: in filter_jobs\n    self.select_from_dropdown(self.LOCATION_FILTER, location)\npages/base_page.py:56: in select_from_dropdown\n    element = self.find_element(locator, timeout)\npages/base_page.py:15: in find_element\n    return WebDriverWait(self.driver, timeout).until(EC.presence_of_element_located(locator))\n_ _ _ _ _ _ _ _ _ _ _ _ _ _ _ _ _ _ _ _ _ _ _ _ _ _ _ _ _ _ _ _ _ _ _ _ _ _ _ _ _ _ _ _ _ _ _ _ _ _ _ _ _ _ _ _ _ _ _ _ _ _ _ _ _ _ _ _ _ _ _ _ _ _ _ _ _ _ _ _ _ _ _ _ _ _\n\nself = <selenium.webdriver.support.wait.WebDriverWait (session=\"c5b3642d-2a10-4509-b71f-ca8bb5116ee4\")>\nmethod = <function presence_of_element_located.<locals>._predicate at 0x10675d120>, message = ''\n\n    def until(self, method: Callable[[D], Union[Literal[False], T]], message: str = \"\") -> T:\n        \"\"\"Calls the method provided with the driver as an argument until the \\\n        return value does not evaluate to ``False``.\n    \n        :param method: callable(WebDriver)\n        :param message: optional message for :exc:`TimeoutException`\n        :returns: the result of the last call to `method`\n        :raises: :exc:`selenium.common.exceptions.TimeoutException` if timeout occurs\n        \"\"\"\n        screen = None\n        stacktrace = None\n    \n        end_time = time.monotonic() + self._timeout\n        while True:\n            try:\n                value = method(self._driver)\n                if value:\n                    return value\n            except self._ignored_exceptions as exc:\n                screen = getattr(exc, \"screen\", None)\n                stacktrace = getattr(exc, \"stacktrace\", None)\n            time.sleep(self._poll)\n            if time.monotonic() > end_time:\n                break\n>       raise TimeoutException(message, screen, stacktrace)\nE       selenium.common.exceptions.TimeoutException: Message: \nE       Stacktrace:\nE       RemoteError@chrome://remote/content/shared/RemoteError.sys.mjs:8:8\nE       WebDriverError@chrome://remote/content/shared/webdriver/Errors.sys.mjs:193:5\nE       NoSuchElementError@chrome://remote/content/shared/webdriver/Errors.sys.mjs:511:5\nE       dom.find/</<@chrome://remote/content/shared/DOM.sys.mjs:136:16\n\n.venv/lib/python3.12/site-packages/selenium/webdriver/support/wait.py:105: TimeoutException"}, "attachments": [{"name": "log", "source": "1732094f-88aa-4859-8cc0-b2fcfe35a3f2-attachment.txt", "type": "text/plain"}], "start": 1725556246162, "stop": 1725556258422, "uuid": "602ac8d7-7f63-4654-adb1-c6827f829dd4", "historyId": "ae365882050d5c707836a304b3f8ce26", "testCaseId": "ae365882050d5c707836a304b3f8ce26", "fullName": "tests.test_careers#test_filter_and_verify_qa_jobs", "labels": [{"name": "parentSuite", "value": "tests"}, {"name": "suite", "value": "test_careers"}, {"name": "host", "value": "Rostyslavs-Air.fritz.box"}, {"name": "thread", "value": "24773-MainThread"}, {"name": "framework", "value": "pytest"}, {"name": "language", "value": "cpython3"}, {"name": "package", "value": "tests.test_careers"}]}